mode: set
github.com/buildkite/cli/v3/internal/build/watch/job.go:15.52,17.2 1 1
github.com/buildkite/cli/v3/internal/build/watch/job.go:20.44,21.18 1 1
github.com/buildkite/cli/v3/internal/build/watch/job.go:21.18,23.3 1 1
github.com/buildkite/cli/v3/internal/build/watch/job.go:24.2,24.19 1 1
github.com/buildkite/cli/v3/internal/build/watch/job.go:24.19,26.3 1 1
github.com/buildkite/cli/v3/internal/build/watch/job.go:27.2,27.25 1 1
github.com/buildkite/cli/v3/internal/build/watch/job.go:31.48,32.24 1 1
github.com/buildkite/cli/v3/internal/build/watch/job.go:32.24,34.3 1 1
github.com/buildkite/cli/v3/internal/build/watch/job.go:35.2,36.25 2 1
github.com/buildkite/cli/v3/internal/build/watch/job.go:36.25,38.3 1 1
github.com/buildkite/cli/v3/internal/build/watch/job.go:39.2,39.56 1 1
github.com/buildkite/cli/v3/internal/build/watch/job.go:42.53,44.2 1 1
github.com/buildkite/cli/v3/internal/build/watch/job.go:46.43,48.2 1 1
github.com/buildkite/cli/v3/internal/build/watch/job.go:50.39,52.2 1 1
github.com/buildkite/cli/v3/internal/build/watch/tracker.go:31.37,47.28 4 1
github.com/buildkite/cli/v3/internal/build/watch/tracker.go:47.28,48.18 1 1
github.com/buildkite/cli/v3/internal/build/watch/tracker.go:48.18,50.4 1 1
github.com/buildkite/cli/v3/internal/build/watch/tracker.go:52.2,52.34 1 1
github.com/buildkite/cli/v3/internal/build/watch/tracker.go:70.34,74.2 1 1
github.com/buildkite/cli/v3/internal/build/watch/tracker.go:77.60,83.27 4 1
github.com/buildkite/cli/v3/internal/build/watch/tracker.go:83.27,84.48 1 1
github.com/buildkite/cli/v3/internal/build/watch/tracker.go:84.48,85.12 1 1
github.com/buildkite/cli/v3/internal/build/watch/tracker.go:87.3,90.14 3 1
github.com/buildkite/cli/v3/internal/build/watch/tracker.go:90.14,93.4 2 1
github.com/buildkite/cli/v3/internal/build/watch/tracker.go:93.9,95.4 1 1
github.com/buildkite/cli/v3/internal/build/watch/tracker.go:96.3,99.74 3 1
github.com/buildkite/cli/v3/internal/build/watch/tracker.go:99.74,102.4 2 1
github.com/buildkite/cli/v3/internal/build/watch/tracker.go:104.3,104.29 1 1
github.com/buildkite/cli/v3/internal/build/watch/tracker.go:104.29,106.4 1 1
github.com/buildkite/cli/v3/internal/build/watch/tracker.go:109.2,113.15 4 1
github.com/buildkite/cli/v3/internal/build/watch/tracker.go:117.51,119.28 2 0
github.com/buildkite/cli/v3/internal/build/watch/tracker.go:119.28,120.31 1 0
github.com/buildkite/cli/v3/internal/build/watch/tracker.go:120.31,122.4 1 0
github.com/buildkite/cli/v3/internal/build/watch/tracker.go:124.2,125.15 2 0
github.com/buildkite/cli/v3/internal/build/watch/tracker.go:129.51,131.28 2 1
github.com/buildkite/cli/v3/internal/build/watch/tracker.go:131.28,133.44 2 1
github.com/buildkite/cli/v3/internal/build/watch/tracker.go:133.44,135.4 1 1
github.com/buildkite/cli/v3/internal/build/watch/tracker.go:137.2,138.15 2 1
github.com/buildkite/cli/v3/internal/build/watch/tracker.go:141.48,142.39 1 1
github.com/buildkite/cli/v3/internal/build/watch/tracker.go:142.39,143.31 1 0
github.com/buildkite/cli/v3/internal/build/watch/tracker.go:143.31,145.4 1 0
github.com/buildkite/cli/v3/internal/build/watch/tracker.go:146.3,146.31 1 0
github.com/buildkite/cli/v3/internal/build/watch/tracker.go:146.31,148.4 1 0
github.com/buildkite/cli/v3/internal/build/watch/tracker.go:149.3,149.58 1 0
github.com/buildkite/cli/v3/internal/build/watch/tracker.go:153.62,155.27 2 1
github.com/buildkite/cli/v3/internal/build/watch/tracker.go:155.27,156.25 1 1
github.com/buildkite/cli/v3/internal/build/watch/tracker.go:156.25,157.12 1 1
github.com/buildkite/cli/v3/internal/build/watch/tracker.go:159.3,160.25 2 1
github.com/buildkite/cli/v3/internal/build/watch/tracker.go:160.25,162.12 2 1
github.com/buildkite/cli/v3/internal/build/watch/tracker.go:164.3,164.18 1 1
github.com/buildkite/cli/v3/internal/build/watch/tracker.go:165.45,166.15 1 1
github.com/buildkite/cli/v3/internal/build/watch/tracker.go:167.17,168.14 1 1
github.com/buildkite/cli/v3/internal/build/watch/tracker.go:169.53,170.14 1 1
github.com/buildkite/cli/v3/internal/build/watch/tracker.go:171.28,172.15 1 1
github.com/buildkite/cli/v3/internal/build/watch/tracker.go:173.36,174.15 1 1
github.com/buildkite/cli/v3/internal/build/watch/tracker.go:175.56,176.17 1 1
github.com/buildkite/cli/v3/internal/build/watch/tracker.go:179.44,180.15 1 1
github.com/buildkite/cli/v3/internal/build/watch/tracker.go:183.2,183.10 1 1
github.com/buildkite/cli/v3/internal/build/watch/tracker.go:186.39,188.2 1 1
github.com/buildkite/cli/v3/internal/build/watch/watch.go:34.28,40.6 2 1
github.com/buildkite/cli/v3/internal/build/watch/watch.go:40.6,41.35 1 1
github.com/buildkite/cli/v3/internal/build/watch/watch.go:41.35,43.4 1 0
github.com/buildkite/cli/v3/internal/build/watch/watch.go:45.3,49.17 4 1
github.com/buildkite/cli/v3/internal/build/watch/watch.go:49.17,51.56 2 1
github.com/buildkite/cli/v3/internal/build/watch/watch.go:51.56,53.5 1 1
github.com/buildkite/cli/v3/internal/build/watch/watch.go:54.9,57.23 3 1
github.com/buildkite/cli/v3/internal/build/watch/watch.go:57.23,58.39 1 1
github.com/buildkite/cli/v3/internal/build/watch/watch.go:58.39,60.6 1 1
github.com/buildkite/cli/v3/internal/build/watch/watch.go:63.4,63.79 1 1
github.com/buildkite/cli/v3/internal/build/watch/watch.go:63.79,65.5 1 1
github.com/buildkite/cli/v3/internal/build/watch/watch.go:68.3,68.10 1 1
github.com/buildkite/cli/v3/internal/build/watch/watch.go:69.21,70.31 1 1
github.com/buildkite/cli/v3/internal/build/watch/watch.go:71.31,71.31 0 1
